==29432== Memcheck, a memory error detector
==29432== Copyright (C) 2002-2012, and GNU GPL'd, by Julian Seward et al.
==29432== Using Valgrind-3.8.1 and LibVEX; rerun with -h for copyright info
==29432== Command: ./pa01
==29432== Parent PID: 16317
==29432== 
--29432-- 
--29432-- Valgrind options:
--29432--    --tool=memcheck
--29432--    --leak-check=full
--29432--    --verbose
--29432--    --log-file=memcheck.log
--29432-- Contents of /proc/version:
--29432--   Linux version 2.6.32-431.29.2.el6.x86_64 (mockbuild@x86-026.build.eng.bos.redhat.com) (gcc version 4.4.7 20120313 (Red Hat 4.4.7-4) (GCC) ) #1 SMP Sun Jul 27 15:55:46 EDT 2014
--29432-- Arch and hwcaps: AMD64, amd64-sse3-cx16
--29432-- Page sizes: currently 4096, max supported 4096
--29432-- Valgrind library directory: /usr/lib64/valgrind
--29432-- Reading syms from /home/min/a/chen1059/ECE264/problems/ECE264Assignments/Fall2014/PA01/pa01
--29432-- Reading syms from /usr/lib64/valgrind/memcheck-amd64-linux
--29432--    object doesn't have a dynamic symbol table
--29432-- Reading syms from /lib64/ld-2.12.so
--29432--   Considering /usr/lib/debug/.build-id/3b/fa45bce0e82e1d90d37a0cc8630f97f2003bf5.debug ..
--29432--   .. build-id is valid
--29432-- Scheduler: using generic scheduler lock implementation.
--29432-- Reading suppressions file: /usr/lib64/valgrind/default.supp
==29432== embedded gdbserver: reading from /tmp/vgdb-pipe-from-vgdb-to-29432-by-chen1059-on-ecegrid-thin1.ecn.purdue.edu
==29432== embedded gdbserver: writing to   /tmp/vgdb-pipe-to-vgdb-from-29432-by-chen1059-on-ecegrid-thin1.ecn.purdue.edu
==29432== embedded gdbserver: shared mem   /tmp/vgdb-pipe-shared-mem-vgdb-29432-by-chen1059-on-ecegrid-thin1.ecn.purdue.edu
==29432== 
==29432== TO CONTROL THIS PROCESS USING vgdb (which you probably
==29432== don't want to do, unless you know exactly what you're doing,
==29432== or are doing some strange experiment):
==29432==   /usr/lib64/valgrind/../../bin/vgdb --pid=29432 ...command...
==29432== 
==29432== TO DEBUG THIS PROCESS USING GDB: start GDB like this
==29432==   /path/to/gdb ./pa01
==29432== and then give GDB the following command
==29432==   target remote | /usr/lib64/valgrind/../../bin/vgdb --pid=29432
==29432== --pid is optional if only one valgrind process is running
==29432== 
--29432-- REDIR: 0x35ff417610 (strlen) redirected to 0x38049551 (vgPlain_amd64_linux_REDIR_FOR_strlen)
--29432-- Reading syms from /usr/lib64/valgrind/vgpreload_core-amd64-linux.so
--29432-- Reading syms from /usr/lib64/valgrind/vgpreload_memcheck-amd64-linux.so
--29432-- REDIR: 0x35ff417480 (index) redirected to 0x4a07c30 (index)
--29432-- REDIR: 0x35ff417500 (strcmp) redirected to 0x4a08570 (strcmp)
--29432-- Reading syms from /lib64/libc-2.12.so
--29432--   Considering /usr/lib/debug/.build-id/73/3ad3a438b5a695f7a63a77413f9b2c8c94e8e6.debug ..
--29432--   .. build-id is valid
--29432-- REDIR: 0x35ff884cd0 (strcasecmp) redirected to 0x480155c (_vgnU_ifunc_wrapper)
--29432-- REDIR: 0x35ff886f90 (strncasecmp) redirected to 0x480155c (_vgnU_ifunc_wrapper)
--29432-- REDIR: 0x35ff882c40 (__GI_strrchr) redirected to 0x4a07ab0 (__GI_strrchr)
--29432-- REDIR: 0x35ff881160 (__GI_strlen) redirected to 0x4a07fb0 (__GI_strlen)
--29432-- REDIR: 0x35ff87b520 (free) redirected to 0x4a063a9 (free)
==29432== 
==29432== HEAP SUMMARY:
==29432==     in use at exit: 0 bytes in 0 blocks
==29432==   total heap usage: 0 allocs, 0 frees, 0 bytes allocated
==29432== 
==29432== All heap blocks were freed -- no leaks are possible
==29432== 
==29432== ERROR SUMMARY: 0 errors from 0 contexts (suppressed: 6 from 6)
--29432-- 
--29432-- used_suppression:      4 U1004-ARM-_dl_relocate_object
--29432-- used_suppression:      2 glibc-2.5.x-on-SUSE-10.2-(PPC)-2a
==29432== 
==29432== ERROR SUMMARY: 0 errors from 0 contexts (suppressed: 6 from 6)
