==1005== Memcheck, a memory error detector
==1005== Copyright (C) 2002-2012, and GNU GPL'd, by Julian Seward et al.
==1005== Using Valgrind-3.8.1 and LibVEX; rerun with -h for copyright info
==1005== Command: ./pa02
==1005== Parent PID: 11045
==1005== 
--1005-- 
--1005-- Valgrind options:
--1005--    --tool=memcheck
--1005--    --leak-check=full
--1005--    --verbose
--1005--    --log-file=memcheck.log
--1005-- Contents of /proc/version:
--1005--   Linux version 2.6.32-431.29.2.el6.x86_64 (mockbuild@x86-026.build.eng.bos.redhat.com) (gcc version 4.4.7 20120313 (Red Hat 4.4.7-4) (GCC) ) #1 SMP Sun Jul 27 15:55:46 EDT 2014
--1005-- Arch and hwcaps: AMD64, amd64-sse3-cx16
--1005-- Page sizes: currently 4096, max supported 4096
--1005-- Valgrind library directory: /usr/lib64/valgrind
--1005-- Reading syms from /home/min/a/chen1059/ECE264/problems/ECE264Assignments/Fall2014/PA02/pa02
--1005-- Reading syms from /usr/lib64/valgrind/memcheck-amd64-linux
--1005--    object doesn't have a dynamic symbol table
--1005-- Reading syms from /lib64/ld-2.12.so
--1005--   Considering /usr/lib/debug/.build-id/3b/fa45bce0e82e1d90d37a0cc8630f97f2003bf5.debug ..
--1005--   .. build-id is valid
--1005-- Scheduler: using generic scheduler lock implementation.
--1005-- Reading suppressions file: /usr/lib64/valgrind/default.supp
==1005== embedded gdbserver: reading from /tmp/vgdb-pipe-from-vgdb-to-1005-by-chen1059-on-ecegrid-thin1.ecn.purdue.edu
==1005== embedded gdbserver: writing to   /tmp/vgdb-pipe-to-vgdb-from-1005-by-chen1059-on-ecegrid-thin1.ecn.purdue.edu
==1005== embedded gdbserver: shared mem   /tmp/vgdb-pipe-shared-mem-vgdb-1005-by-chen1059-on-ecegrid-thin1.ecn.purdue.edu
==1005== 
==1005== TO CONTROL THIS PROCESS USING vgdb (which you probably
==1005== don't want to do, unless you know exactly what you're doing,
==1005== or are doing some strange experiment):
==1005==   /usr/lib64/valgrind/../../bin/vgdb --pid=1005 ...command...
==1005== 
==1005== TO DEBUG THIS PROCESS USING GDB: start GDB like this
==1005==   /path/to/gdb ./pa02
==1005== and then give GDB the following command
==1005==   target remote | /usr/lib64/valgrind/../../bin/vgdb --pid=1005
==1005== --pid is optional if only one valgrind process is running
==1005== 
--1005-- REDIR: 0x35ff417610 (strlen) redirected to 0x38049551 (vgPlain_amd64_linux_REDIR_FOR_strlen)
--1005-- Reading syms from /usr/lib64/valgrind/vgpreload_core-amd64-linux.so
--1005-- Reading syms from /usr/lib64/valgrind/vgpreload_memcheck-amd64-linux.so
--1005-- REDIR: 0x35ff417480 (index) redirected to 0x4a07c30 (index)
--1005-- REDIR: 0x35ff417500 (strcmp) redirected to 0x4a08570 (strcmp)
--1005-- Reading syms from /lib64/libc-2.12.so
--1005--   Considering /usr/lib/debug/.build-id/73/3ad3a438b5a695f7a63a77413f9b2c8c94e8e6.debug ..
--1005--   .. build-id is valid
--1005-- REDIR: 0x35ff884cd0 (strcasecmp) redirected to 0x480155c (_vgnU_ifunc_wrapper)
--1005-- REDIR: 0x35ff886f90 (strncasecmp) redirected to 0x480155c (_vgnU_ifunc_wrapper)
--1005-- REDIR: 0x35ff882c40 (__GI_strrchr) redirected to 0x4a07ab0 (__GI_strrchr)
--1005-- REDIR: 0x35ff881160 (__GI_strlen) redirected to 0x4a07fb0 (__GI_strlen)
--1005-- REDIR: 0x35ff88aaf0 (strchrnul) redirected to 0x4a09fb0 (strchrnul)
--1005-- REDIR: 0x35ff87b520 (free) redirected to 0x4a063a9 (free)
--1005-- REDIR: 0x35ff884500 (mempcpy) redirected to 0x4a0a020 (mempcpy)
==1005== 
==1005== HEAP SUMMARY:
==1005==     in use at exit: 0 bytes in 0 blocks
==1005==   total heap usage: 0 allocs, 0 frees, 0 bytes allocated
==1005== 
==1005== All heap blocks were freed -- no leaks are possible
==1005== 
==1005== ERROR SUMMARY: 0 errors from 0 contexts (suppressed: 6 from 6)
--1005-- 
--1005-- used_suppression:      4 U1004-ARM-_dl_relocate_object
--1005-- used_suppression:      2 glibc-2.5.x-on-SUSE-10.2-(PPC)-2a
==1005== 
==1005== ERROR SUMMARY: 0 errors from 0 contexts (suppressed: 6 from 6)
